<?xml version="1.0" encoding="UTF-8"?>
<testsuite name="com.aor.numbers.ListDeduplicatorTest" tests="7" skipped="0" failures="0" errors="0" timestamp="2023-10-17T11:52:54" hostname="marcelmedeiros1-270E5K-270E5Q-271E5K-2570EK" time="0.053">
  <properties/>
  <testcase name="distinct_bug_7263()" classname="com.aor.numbers.ListDeduplicatorTest" time="0.006"/>
  <testcase name="max_bug_7263()" classname="com.aor.numbers.ListDeduplicatorTest" time="0.002"/>
  <testcase name="max()" classname="com.aor.numbers.ListDeduplicatorTest" time="0.003"/>
  <testcase name="min()" classname="com.aor.numbers.ListDeduplicatorTest" time="0.003"/>
  <testcase name="sum()" classname="com.aor.numbers.ListDeduplicatorTest" time="0.003"/>
  <testcase name="distinct()" classname="com.aor.numbers.ListDeduplicatorTest" time="0.004"/>
  <testcase name="deduplicate()" classname="com.aor.numbers.ListDeduplicatorTest" time="0.009"/>
  <system-out><![CDATA[]]></system-out>
  <system-err><![CDATA[]]></system-err>
</testsuite>
