<?xml version="1.0" encoding="UTF-8"?>
<testsuite name="com.aor.numbers.ListFiltererTest" tests="2" skipped="0" failures="0" errors="0" timestamp="2023-10-17T11:52:54" hostname="marcelmedeiros1-270E5K-270E5Q-271E5K-2570EK" time="0.009">
  <properties/>
  <testcase name="DivisibleByFilter()" classname="com.aor.numbers.ListFiltererTest" time="0.004"/>
  <testcase name="PositiveFilter()" classname="com.aor.numbers.ListFiltererTest" time="0.003"/>
  <system-out><![CDATA[]]></system-out>
  <system-err><![CDATA[]]></system-err>
</testsuite>
