<?xml version="1.0" encoding="UTF-8"?>
<testsuite name="com.aor.numbers.ListSorterTest" tests="1" skipped="0" failures="0" errors="0" timestamp="2023-10-17T11:52:54" hostname="marcelmedeiros1-270E5K-270E5Q-271E5K-2570EK" time="0.002">
  <properties/>
  <testcase name="sort()" classname="com.aor.numbers.ListSorterTest" time="0.002"/>
  <system-out><![CDATA[]]></system-out>
  <system-err><![CDATA[]]></system-err>
</testsuite>
